JPushExample(809176)/build/outputs/logs/manifest-merger-debug-report.txt
-- Merging decision tree log ---
manifest
ADDED from http\JPushExample(809176)\AndroidManifest.xml:2:1-165:12
	package
		ADDED from http\JPushExample(809176)\AndroidManifest.xml:3:5-31
	android:versionName
		ADDED from http\JPushExample(809176)\AndroidManifest.xml:5:5-32
		INJECTED from http\JPushExample(809176)\AndroidManifest.xml
		INJECTED from http\JPushExample(809176)\AndroidManifest.xml
	android:versionCode
		ADDED from http\JPushExample(809176)\AndroidManifest.xml:4:5-30
		INJECTED from http\JPushExample(809176)\AndroidManifest.xml
		INJECTED from http\JPushExample(809176)\AndroidManifest.xml
	xmlns:android
		ADDED from http\JPushExample(809176)\AndroidManifest.xml:2:11-69
uses-sdk
ADDED from http\JPushExample(809176)\AndroidManifest.xml:7:5-73
	android:targetSdkVersion
		ADDED from http\JPushExample(809176)\AndroidManifest.xml:7:41-70
	android:minSdkVersion
		ADDED from http\JPushExample(809176)\AndroidManifest.xml:7:15-40
permission#com.bjx.www.http.permission.JPUSH_MESSAGE
ADDED from http\JPushExample(809176)\AndroidManifest.xml:10:5-12:47
	android:protectionLevel
		ADDED from http\JPushExample(809176)\AndroidManifest.xml:12:9-44
	android:name
		ADDED from http\JPushExample(809176)\AndroidManifest.xml:11:9-65
uses-permission#com.bjx.www.http.permission.JPUSH_MESSAGE
ADDED from http\JPushExample(809176)\AndroidManifest.xml:15:5-81
	android:name
		ADDED from http\JPushExample(809176)\AndroidManifest.xml:15:22-78
uses-permission#android.permission.RECEIVE_USER_PRESENT
ADDED from http\JPushExample(809176)\AndroidManifest.xml:16:5-79
	android:name
		ADDED from http\JPushExample(809176)\AndroidManifest.xml:16:22-76
uses-permission#android.permission.INTERNET
ADDED from http\JPushExample(809176)\AndroidManifest.xml:17:5-67
	android:name
		ADDED from http\JPushExample(809176)\AndroidManifest.xml:17:22-64
uses-permission#android.permission.WAKE_LOCK
ADDED from http\JPushExample(809176)\AndroidManifest.xml:18:5-68
	android:name
		ADDED from http\JPushExample(809176)\AndroidManifest.xml:18:22-65
uses-permission#android.permission.READ_PHONE_STATE
ADDED from http\JPushExample(809176)\AndroidManifest.xml:19:5-75
	android:name
		ADDED from http\JPushExample(809176)\AndroidManifest.xml:19:22-72
uses-permission#android.permission.WRITE_EXTERNAL_STORAGE
ADDED from http\JPushExample(809176)\AndroidManifest.xml:20:5-81
	android:name
		ADDED from http\JPushExample(809176)\AndroidManifest.xml:20:22-78
uses-permission#android.permission.READ_EXTERNAL_STORAGE
ADDED from http\JPushExample(809176)\AndroidManifest.xml:21:5-80
	android:name
		ADDED from http\JPushExample(809176)\AndroidManifest.xml:21:22-77
uses-permission#android.permission.WRITE_SETTINGS
ADDED from http\JPushExample(809176)\AndroidManifest.xml:22:5-73
	android:name
		ADDED from http\JPushExample(809176)\AndroidManifest.xml:22:22-70
uses-permission#android.permission.VIBRATE
ADDED from http\JPushExample(809176)\AndroidManifest.xml:23:5-66
	android:name
		ADDED from http\JPushExample(809176)\AndroidManifest.xml:23:22-63
uses-permission#android.permission.MOUNT_UNMOUNT_FILESYSTEMS
ADDED from http\JPushExample(809176)\AndroidManifest.xml:24:5-84
	android:name
		ADDED from http\JPushExample(809176)\AndroidManifest.xml:24:22-81
uses-permission#android.permission.ACCESS_NETWORK_STATE
ADDED from http\JPushExample(809176)\AndroidManifest.xml:25:5-79
	android:name
		ADDED from http\JPushExample(809176)\AndroidManifest.xml:25:22-76
uses-permission#android.permission.ACCESS_WIFI_STATE
ADDED from http\JPushExample(809176)\AndroidManifest.xml:26:5-76
	android:name
		ADDED from http\JPushExample(809176)\AndroidManifest.xml:26:22-73
uses-permission#android.permission.SYSTEM_ALERT_WINDOW
ADDED from http\JPushExample(809176)\AndroidManifest.xml:31:5-78
	android:name
		ADDED from http\JPushExample(809176)\AndroidManifest.xml:31:22-75
uses-permission#android.permission.ACCESS_COARSE_LOCATION
ADDED from http\JPushExample(809176)\AndroidManifest.xml:32:5-81
	android:name
		ADDED from http\JPushExample(809176)\AndroidManifest.xml:32:22-78
uses-permission#android.permission.CHANGE_WIFI_STATE
ADDED from http\JPushExample(809176)\AndroidManifest.xml:33:5-76
	android:name
		ADDED from http\JPushExample(809176)\AndroidManifest.xml:33:22-73
uses-permission#android.permission.ACCESS_FINE_LOCATION
ADDED from http\JPushExample(809176)\AndroidManifest.xml:34:5-79
	android:name
		ADDED from http\JPushExample(809176)\AndroidManifest.xml:34:22-76
uses-permission#android.permission.ACCESS_LOCATION_EXTRA_COMMANDS
ADDED from http\JPushExample(809176)\AndroidManifest.xml:35:5-89
	android:name
		ADDED from http\JPushExample(809176)\AndroidManifest.xml:35:22-86
uses-permission#android.permission.CHANGE_NETWORK_STATE
ADDED from http\JPushExample(809176)\AndroidManifest.xml:36:5-79
	android:name
		ADDED from http\JPushExample(809176)\AndroidManifest.xml:36:22-76
uses-permission#android.permission.GET_TASKS
ADDED from http\JPushExample(809176)\AndroidManifest.xml:37:5-68
	android:name
		ADDED from http\JPushExample(809176)\AndroidManifest.xml:37:22-65
application
ADDED from http\JPushExample(809176)\AndroidManifest.xml:39:5-164:19
	android:label
		ADDED from http\JPushExample(809176)\AndroidManifest.xml:42:9-41
	android:allowBackup
		ADDED from http\JPushExample(809176)\AndroidManifest.xml:41:9-36
	android:icon
		ADDED from http\JPushExample(809176)\AndroidManifest.xml:40:9-45
	android:name
		ADDED from http\JPushExample(809176)\AndroidManifest.xml:43:9-64
activity#com.example.jpushdemo.MainActivity
ADDED from http\JPushExample(809176)\AndroidManifest.xml:46:9-53:20
	android:label
		ADDED from http\JPushExample(809176)\AndroidManifest.xml:48:13-45
	android:name
		ADDED from http\JPushExample(809176)\AndroidManifest.xml:47:13-62
intent-filter#android.intent.action.MAIN+android.intent.category.LAUNCHER
ADDED from http\JPushExample(809176)\AndroidManifest.xml:49:13-52:29
action#android.intent.action.MAIN
ADDED from http\JPushExample(809176)\AndroidManifest.xml:50:17-69
	android:name
		ADDED from http\JPushExample(809176)\AndroidManifest.xml:50:25-66
category#android.intent.category.LAUNCHER
ADDED from http\JPushExample(809176)\AndroidManifest.xml:51:17-77
	android:name
		ADDED from http\JPushExample(809176)\AndroidManifest.xml:51:27-74
activity#cn.jpush.android.ui.PopWinActivity
ADDED from http\JPushExample(809176)\AndroidManifest.xml:56:9-60:20
	android:exported
		ADDED from http\JPushExample(809176)\AndroidManifest.xml:59:13-37
	android:theme
		ADDED from http\JPushExample(809176)\AndroidManifest.xml:58:13-49
	android:name
		ADDED from http\JPushExample(809176)\AndroidManifest.xml:57:13-62
activity#cn.jpush.android.ui.PushActivity
ADDED from http\JPushExample(809176)\AndroidManifest.xml:63:9-73:20
	android:exported
		ADDED from http\JPushExample(809176)\AndroidManifest.xml:67:13-37
	android:configChanges
		ADDED from http\JPushExample(809176)\AndroidManifest.xml:65:13-63
	android:theme
		ADDED from http\JPushExample(809176)\AndroidManifest.xml:66:13-60
	android:name
		ADDED from http\JPushExample(809176)\AndroidManifest.xml:64:13-60
intent-filter#android.intent.category.DEFAULT+cn.jpush.android.ui.PushActivity+com.bjx.www.http
ADDED from http\JPushExample(809176)\AndroidManifest.xml:68:13-72:29
action#cn.jpush.android.ui.PushActivity
ADDED from http\JPushExample(809176)\AndroidManifest.xml:69:17-75
	android:name
		ADDED from http\JPushExample(809176)\AndroidManifest.xml:69:25-72
category#android.intent.category.DEFAULT
ADDED from http\JPushExample(809176)\AndroidManifest.xml:70:17-76
	android:name
		ADDED from http\JPushExample(809176)\AndroidManifest.xml:70:27-73
category#com.bjx.www.http
ADDED from http\JPushExample(809176)\AndroidManifest.xml:71:17-61
	android:name
		ADDED from http\JPushExample(809176)\AndroidManifest.xml:71:27-58
service#cn.jpush.android.service.PushService
ADDED from http\JPushExample(809176)\AndroidManifest.xml:77:9-87:19
	android:process
		ADDED from http\JPushExample(809176)\AndroidManifest.xml:79:13-36
	android:exported
		ADDED from http\JPushExample(809176)\AndroidManifest.xml:80:13-37
	android:name
		ADDED from http\JPushExample(809176)\AndroidManifest.xml:78:13-64
intent-filter#cn.jpush.android.intent.PUSH_TIME+cn.jpush.android.intent.PushService+cn.jpush.android.intent.REGISTER+cn.jpush.android.intent.REPORT
ADDED from http\JPushExample(809176)\AndroidManifest.xml:81:13-86:29
action#cn.jpush.android.intent.REGISTER
ADDED from http\JPushExample(809176)\AndroidManifest.xml:82:17-75
	android:name
		ADDED from http\JPushExample(809176)\AndroidManifest.xml:82:25-72
action#cn.jpush.android.intent.REPORT
ADDED from http\JPushExample(809176)\AndroidManifest.xml:83:17-73
	android:name
		ADDED from http\JPushExample(809176)\AndroidManifest.xml:83:25-70
action#cn.jpush.android.intent.PushService
ADDED from http\JPushExample(809176)\AndroidManifest.xml:84:17-78
	android:name
		ADDED from http\JPushExample(809176)\AndroidManifest.xml:84:25-75
action#cn.jpush.android.intent.PUSH_TIME
ADDED from http\JPushExample(809176)\AndroidManifest.xml:85:17-76
	android:name
		ADDED from http\JPushExample(809176)\AndroidManifest.xml:85:25-73
provider#cn.jpush.android.service.DataProvider
ADDED from http\JPushExample(809176)\AndroidManifest.xml:89:9-93:11
	android:authorities
		ADDED from http\JPushExample(809176)\AndroidManifest.xml:90:13-64
	android:exported
		ADDED from http\JPushExample(809176)\AndroidManifest.xml:92:13-37
	android:name
		ADDED from http\JPushExample(809176)\AndroidManifest.xml:91:13-65
service#cn.jpush.android.service.DaemonService
ADDED from http\JPushExample(809176)\AndroidManifest.xml:97:9-106:19
	android:enabled
		ADDED from http\JPushExample(809176)\AndroidManifest.xml:99:13-35
	android:exported
		ADDED from http\JPushExample(809176)\AndroidManifest.xml:100:13-36
	android:name
		ADDED from http\JPushExample(809176)\AndroidManifest.xml:98:13-66
intent-filter#cn.jpush.android.intent.DaemonService+com.bjx.www.http
ADDED from http\JPushExample(809176)\AndroidManifest.xml:101:13-104:29
action#cn.jpush.android.intent.DaemonService
ADDED from http\JPushExample(809176)\AndroidManifest.xml:102:17-80
	android:name
		ADDED from http\JPushExample(809176)\AndroidManifest.xml:102:25-77
provider#cn.jpush.android.service.DownloadProvider
ADDED from http\JPushExample(809176)\AndroidManifest.xml:108:9-112:11
	android:authorities
		ADDED from http\JPushExample(809176)\AndroidManifest.xml:109:13-68
	android:exported
		ADDED from http\JPushExample(809176)\AndroidManifest.xml:111:13-36
	android:name
		ADDED from http\JPushExample(809176)\AndroidManifest.xml:110:13-69
receiver#cn.jpush.android.service.PushReceiver
ADDED from http\JPushExample(809176)\AndroidManifest.xml:114:9-133:20
	android:enabled
		ADDED from http\JPushExample(809176)\AndroidManifest.xml:116:13-35
	android:exported
		ADDED from http\JPushExample(809176)\AndroidManifest.xml:117:13-37
	android:name
		ADDED from http\JPushExample(809176)\AndroidManifest.xml:115:13-65
intent-filter#cn.jpush.android.intent.NOTIFICATION_RECEIVED_PROXY+com.bjx.www.http
ADDED from http\JPushExample(809176)\AndroidManifest.xml:118:13-121:29
	android:priority
		ADDED from http\JPushExample(809176)\AndroidManifest.xml:118:28-51
action#cn.jpush.android.intent.NOTIFICATION_RECEIVED_PROXY
ADDED from http\JPushExample(809176)\AndroidManifest.xml:119:17-94
	android:name
		ADDED from http\JPushExample(809176)\AndroidManifest.xml:119:25-91
intent-filter#android.intent.action.USER_PRESENT+android.net.conn.CONNECTIVITY_CHANGE
ADDED from http\JPushExample(809176)\AndroidManifest.xml:122:13-125:29
action#android.intent.action.USER_PRESENT
ADDED from http\JPushExample(809176)\AndroidManifest.xml:123:17-77
	android:name
		ADDED from http\JPushExample(809176)\AndroidManifest.xml:123:25-74
action#android.net.conn.CONNECTIVITY_CHANGE
ADDED from http\JPushExample(809176)\AndroidManifest.xml:124:17-79
	android:name
		ADDED from http\JPushExample(809176)\AndroidManifest.xml:124:25-76
intent-filter#android.intent.action.PACKAGE_ADDED+android.intent.action.PACKAGE_REMOVED
ADDED from http\JPushExample(809176)\AndroidManifest.xml:127:13-132:29
action#android.intent.action.PACKAGE_ADDED
ADDED from http\JPushExample(809176)\AndroidManifest.xml:128:17-78
	android:name
		ADDED from http\JPushExample(809176)\AndroidManifest.xml:128:25-75
action#android.intent.action.PACKAGE_REMOVED
ADDED from http\JPushExample(809176)\AndroidManifest.xml:129:17-80
	android:name
		ADDED from http\JPushExample(809176)\AndroidManifest.xml:129:25-77
data
ADDED from http\JPushExample(809176)\AndroidManifest.xml:131:17-50
	android:scheme
		ADDED from http\JPushExample(809176)\AndroidManifest.xml:131:23-47
receiver#cn.jpush.android.service.AlarmReceiver
ADDED from http\JPushExample(809176)\AndroidManifest.xml:136:9-99
	android:exported
		ADDED from http\JPushExample(809176)\AndroidManifest.xml:136:73-97
	android:name
		ADDED from http\JPushExample(809176)\AndroidManifest.xml:136:19-72
receiver#com.example.jpushdemo.MyReceiver
ADDED from http\JPushExample(809176)\AndroidManifest.xml:139:9-151:20
	android:enabled
		ADDED from http\JPushExample(809176)\AndroidManifest.xml:142:13-35
	android:exported
		ADDED from http\JPushExample(809176)\AndroidManifest.xml:141:13-37
	android:name
		ADDED from http\JPushExample(809176)\AndroidManifest.xml:140:13-60
intent-filter#cn.jpush.android.intent.CONNECTION+cn.jpush.android.intent.MESSAGE_RECEIVED+cn.jpush.android.intent.NOTIFICATION_OPENED+cn.jpush.android.intent.NOTIFICATION_RECEIVED+cn.jpush.android.intent.REGISTRATION+com.bjx.www.http
ADDED from http\JPushExample(809176)\AndroidManifest.xml:143:13-150:29
action#cn.jpush.android.intent.REGISTRATION
ADDED from http\JPushExample(809176)\AndroidManifest.xml:144:17-79
	android:name
		ADDED from http\JPushExample(809176)\AndroidManifest.xml:144:25-76
action#cn.jpush.android.intent.MESSAGE_RECEIVED
ADDED from http\JPushExample(809176)\AndroidManifest.xml:145:17-83
	android:name
		ADDED from http\JPushExample(809176)\AndroidManifest.xml:145:25-80
action#cn.jpush.android.intent.NOTIFICATION_RECEIVED
ADDED from http\JPushExample(809176)\AndroidManifest.xml:146:17-88
	android:name
		ADDED from http\JPushExample(809176)\AndroidManifest.xml:146:25-85
action#cn.jpush.android.intent.NOTIFICATION_OPENED
ADDED from http\JPushExample(809176)\AndroidManifest.xml:147:17-86
	android:name
		ADDED from http\JPushExample(809176)\AndroidManifest.xml:147:25-83
action#cn.jpush.android.intent.CONNECTION
ADDED from http\JPushExample(809176)\AndroidManifest.xml:148:17-77
	android:name
		ADDED from http\JPushExample(809176)\AndroidManifest.xml:148:25-74
receiver#com.example.jpushdemo.MyJPushMessageReceiver
ADDED from http\JPushExample(809176)\AndroidManifest.xml:154:9-159:20
	android:name
		ADDED from http\JPushExample(809176)\AndroidManifest.xml:154:19-78
intent-filter#cn.jpush.android.intent.RECEIVE_MESSAGE+com.bjx.www.http
ADDED from http\JPushExample(809176)\AndroidManifest.xml:155:13-158:29
action#cn.jpush.android.intent.RECEIVE_MESSAGE
ADDED from http\JPushExample(809176)\AndroidManifest.xml:156:17-82
	android:name
		ADDED from http\JPushExample(809176)\AndroidManifest.xml:156:25-79
meta-data#JPUSH_CHANNEL
ADDED from http\JPushExample(809176)\AndroidManifest.xml:161:9-84
	android:value
		ADDED from http\JPushExample(809176)\AndroidManifest.xml:161:49-82
	android:name
		ADDED from http\JPushExample(809176)\AndroidManifest.xml:161:20-48
meta-data#JPUSH_APPKEY
ADDED from http\JPushExample(809176)\AndroidManifest.xml:162:9-91
	android:value
		ADDED from http\JPushExample(809176)\AndroidManifest.xml:162:48-88
	android:name
		ADDED from http\JPushExample(809176)\AndroidManifest.xml:162:20-47